<?xml version="1.0" encoding="UTF-8"?>
<testsuite xmlns:xsi="http://www.w3.org/2001/XMLSchema-instance" xsi:noNamespaceSchemaLocation="https://maven.apache.org/surefire/maven-surefire-plugin/xsd/surefire-test-report.xsd" name="CICD.demo.CicDtestApplicationTests" time="6.545" tests="1" errors="0" skipped="0" failures="0">
  <properties>
    <property name="java.specification.version" value="18"/>
    <property name="sun.jnu.encoding" value="UTF-8"/>
    <property name="java.class.path" value="/Users/r639037/Desktop/gitLab/hessamtest/target/test-classes:/Users/r639037/Desktop/gitLab/hessamtest/target/classes:/Users/r639037/.m2/repository/org/springframework/boot/spring-boot-starter-web/3.0.0-SNAPSHOT/spring-boot-starter-web-3.0.0-SNAPSHOT.jar:/Users/r639037/.m2/repository/org/springframework/boot/spring-boot-starter/3.0.0-SNAPSHOT/spring-boot-starter-3.0.0-SNAPSHOT.jar:/Users/r639037/.m2/repository/org/springframework/boot/spring-boot-starter-logging/3.0.0-SNAPSHOT/spring-boot-starter-logging-3.0.0-SNAPSHOT.jar:/Users/r639037/.m2/repository/ch/qos/logback/logback-classic/1.2.11/logback-classic-1.2.11.jar:/Users/r639037/.m2/repository/ch/qos/logback/logback-core/1.2.11/logback-core-1.2.11.jar:/Users/r639037/.m2/repository/org/apache/logging/log4j/log4j-to-slf4j/2.17.2/log4j-to-slf4j-2.17.2.jar:/Users/r639037/.m2/repository/org/apache/logging/log4j/log4j-api/2.17.2/log4j-api-2.17.2.jar:/Users/r639037/.m2/repository/org/slf4j/jul-to-slf4j/1.7.36/jul-to-slf4j-1.7.36.jar:/Users/r639037/.m2/repository/org/yaml/snakeyaml/1.30/snakeyaml-1.30.jar:/Users/r639037/.m2/repository/org/springframework/boot/spring-boot-starter-json/3.0.0-SNAPSHOT/spring-boot-starter-json-3.0.0-SNAPSHOT.jar:/Users/r639037/.m2/repository/com/fasterxml/jackson/core/jackson-databind/2.13.3/jackson-databind-2.13.3.jar:/Users/r639037/.m2/repository/com/fasterxml/jackson/core/jackson-annotations/2.13.3/jackson-annotations-2.13.3.jar:/Users/r639037/.m2/repository/com/fasterxml/jackson/core/jackson-core/2.13.3/jackson-core-2.13.3.jar:/Users/r639037/.m2/repository/com/fasterxml/jackson/datatype/jackson-datatype-jdk8/2.13.3/jackson-datatype-jdk8-2.13.3.jar:/Users/r639037/.m2/repository/com/fasterxml/jackson/datatype/jackson-datatype-jsr310/2.13.3/jackson-datatype-jsr310-2.13.3.jar:/Users/r639037/.m2/repository/com/fasterxml/jackson/module/jackson-module-parameter-names/2.13.3/jackson-module-parameter-names-2.13.3.jar:/Users/r639037/.m2/repository/org/springframework/spring-web/6.0.0-SNAPSHOT/spring-web-6.0.0-SNAPSHOT.jar:/Users/r639037/.m2/repository/org/springframework/spring-beans/6.0.0-SNAPSHOT/spring-beans-6.0.0-SNAPSHOT.jar:/Users/r639037/.m2/repository/org/springframework/spring-webmvc/6.0.0-SNAPSHOT/spring-webmvc-6.0.0-SNAPSHOT.jar:/Users/r639037/.m2/repository/org/springframework/spring-aop/6.0.0-SNAPSHOT/spring-aop-6.0.0-SNAPSHOT.jar:/Users/r639037/.m2/repository/org/springframework/spring-context/6.0.0-SNAPSHOT/spring-context-6.0.0-SNAPSHOT.jar:/Users/r639037/.m2/repository/org/springframework/spring-expression/6.0.0-SNAPSHOT/spring-expression-6.0.0-SNAPSHOT.jar:/Users/r639037/.m2/repository/org/springframework/boot/spring-boot-starter-tomcat/3.0.0-SNAPSHOT/spring-boot-starter-tomcat-3.0.0-SNAPSHOT.jar:/Users/r639037/.m2/repository/jakarta/annotation/jakarta.annotation-api/2.0.0/jakarta.annotation-api-2.0.0.jar:/Users/r639037/.m2/repository/org/apache/tomcat/embed/tomcat-embed-core/10.0.21/tomcat-embed-core-10.0.21.jar:/Users/r639037/.m2/repository/org/apache/tomcat/embed/tomcat-embed-el/10.0.21/tomcat-embed-el-10.0.21.jar:/Users/r639037/.m2/repository/org/apache/tomcat/embed/tomcat-embed-websocket/10.0.21/tomcat-embed-websocket-10.0.21.jar:/Users/r639037/.m2/repository/org/springframework/boot/spring-boot-devtools/3.0.0-SNAPSHOT/spring-boot-devtools-3.0.0-SNAPSHOT.jar:/Users/r639037/.m2/repository/org/springframework/boot/spring-boot/3.0.0-SNAPSHOT/spring-boot-3.0.0-SNAPSHOT.jar:/Users/r639037/.m2/repository/org/springframework/boot/spring-boot-autoconfigure/3.0.0-SNAPSHOT/spring-boot-autoconfigure-3.0.0-SNAPSHOT.jar:/Users/r639037/.m2/repository/org/springframework/boot/spring-boot-starter-test/3.0.0-SNAPSHOT/spring-boot-starter-test-3.0.0-SNAPSHOT.jar:/Users/r639037/.m2/repository/org/springframework/boot/spring-boot-test/3.0.0-SNAPSHOT/spring-boot-test-3.0.0-SNAPSHOT.jar:/Users/r639037/.m2/repository/org/springframework/boot/spring-boot-test-autoconfigure/3.0.0-SNAPSHOT/spring-boot-test-autoconfigure-3.0.0-SNAPSHOT.jar:/Users/r639037/.m2/repository/com/jayway/jsonpath/json-path/2.7.0/json-path-2.7.0.jar:/Users/r639037/.m2/repository/net/minidev/json-smart/2.4.8/json-smart-2.4.8.jar:/Users/r639037/.m2/repository/net/minidev/accessors-smart/2.4.8/accessors-smart-2.4.8.jar:/Users/r639037/.m2/repository/org/ow2/asm/asm/9.1/asm-9.1.jar:/Users/r639037/.m2/repository/org/slf4j/slf4j-api/1.7.36/slf4j-api-1.7.36.jar:/Users/r639037/.m2/repository/jakarta/xml/bind/jakarta.xml.bind-api/3.0.1/jakarta.xml.bind-api-3.0.1.jar:/Users/r639037/.m2/repository/com/sun/activation/jakarta.activation/2.0.1/jakarta.activation-2.0.1.jar:/Users/r639037/.m2/repository/org/assertj/assertj-core/3.23.1/assertj-core-3.23.1.jar:/Users/r639037/.m2/repository/net/bytebuddy/byte-buddy/1.12.10/byte-buddy-1.12.10.jar:/Users/r639037/.m2/repository/org/hamcrest/hamcrest/2.2/hamcrest-2.2.jar:/Users/r639037/.m2/repository/org/junit/jupiter/junit-jupiter/5.8.2/junit-jupiter-5.8.2.jar:/Users/r639037/.m2/repository/org/junit/jupiter/junit-jupiter-api/5.8.2/junit-jupiter-api-5.8.2.jar:/Users/r639037/.m2/repository/org/opentest4j/opentest4j/1.2.0/opentest4j-1.2.0.jar:/Users/r639037/.m2/repository/org/junit/platform/junit-platform-commons/1.8.2/junit-platform-commons-1.8.2.jar:/Users/r639037/.m2/repository/org/apiguardian/apiguardian-api/1.1.2/apiguardian-api-1.1.2.jar:/Users/r639037/.m2/repository/org/junit/jupiter/junit-jupiter-params/5.8.2/junit-jupiter-params-5.8.2.jar:/Users/r639037/.m2/repository/org/junit/jupiter/junit-jupiter-engine/5.8.2/junit-jupiter-engine-5.8.2.jar:/Users/r639037/.m2/repository/org/junit/platform/junit-platform-engine/1.8.2/junit-platform-engine-1.8.2.jar:/Users/r639037/.m2/repository/org/mockito/mockito-core/4.6.1/mockito-core-4.6.1.jar:/Users/r639037/.m2/repository/net/bytebuddy/byte-buddy-agent/1.12.10/byte-buddy-agent-1.12.10.jar:/Users/r639037/.m2/repository/org/objenesis/objenesis/3.2/objenesis-3.2.jar:/Users/r639037/.m2/repository/org/mockito/mockito-junit-jupiter/4.6.1/mockito-junit-jupiter-4.6.1.jar:/Users/r639037/.m2/repository/org/skyscreamer/jsonassert/1.5.0/jsonassert-1.5.0.jar:/Users/r639037/.m2/repository/com/vaadin/external/google/android-json/0.0.20131108.vaadin1/android-json-0.0.20131108.vaadin1.jar:/Users/r639037/.m2/repository/org/springframework/spring-core/6.0.0-SNAPSHOT/spring-core-6.0.0-SNAPSHOT.jar:/Users/r639037/.m2/repository/org/springframework/spring-jcl/6.0.0-SNAPSHOT/spring-jcl-6.0.0-SNAPSHOT.jar:/Users/r639037/.m2/repository/org/springframework/spring-test/6.0.0-SNAPSHOT/spring-test-6.0.0-SNAPSHOT.jar:/Users/r639037/.m2/repository/org/xmlunit/xmlunit-core/2.9.0/xmlunit-core-2.9.0.jar:"/>
    <property name="java.vm.vendor" value="Homebrew"/>
    <property name="sun.arch.data.model" value="64"/>
    <property name="java.vendor.url" value="https://github.com/Homebrew/homebrew-core/issues"/>
    <property name="os.name" value="Mac OS X"/>
    <property name="java.vm.specification.version" value="18"/>
    <property name="sun.java.launcher" value="SUN_STANDARD"/>
    <property name="user.country" value="US"/>
    <property name="sun.boot.library.path" value="/usr/local/Cellar/openjdk/18.0.1/libexec/openjdk.jdk/Contents/Home/lib"/>
    <property name="sun.java.command" value="/Users/r639037/Desktop/gitLab/hessamtest/target/surefire/surefirebooter15570567698555612142.jar /Users/r639037/Desktop/gitLab/hessamtest/target/surefire 2022-06-27T09-45-06_239-jvmRun1 surefire9892352139597632885tmp surefire_07544916315074064123tmp"/>
    <property name="http.nonProxyHosts" value="127.0.0.1|local|*.local|localhost|*.localhost|127.0.0.1"/>
    <property name="jdk.debug" value="release"/>
    <property name="surefire.test.class.path" value="/Users/r639037/Desktop/gitLab/hessamtest/target/test-classes:/Users/r639037/Desktop/gitLab/hessamtest/target/classes:/Users/r639037/.m2/repository/org/springframework/boot/spring-boot-starter-web/3.0.0-SNAPSHOT/spring-boot-starter-web-3.0.0-SNAPSHOT.jar:/Users/r639037/.m2/repository/org/springframework/boot/spring-boot-starter/3.0.0-SNAPSHOT/spring-boot-starter-3.0.0-SNAPSHOT.jar:/Users/r639037/.m2/repository/org/springframework/boot/spring-boot-starter-logging/3.0.0-SNAPSHOT/spring-boot-starter-logging-3.0.0-SNAPSHOT.jar:/Users/r639037/.m2/repository/ch/qos/logback/logback-classic/1.2.11/logback-classic-1.2.11.jar:/Users/r639037/.m2/repository/ch/qos/logback/logback-core/1.2.11/logback-core-1.2.11.jar:/Users/r639037/.m2/repository/org/apache/logging/log4j/log4j-to-slf4j/2.17.2/log4j-to-slf4j-2.17.2.jar:/Users/r639037/.m2/repository/org/apache/logging/log4j/log4j-api/2.17.2/log4j-api-2.17.2.jar:/Users/r639037/.m2/repository/org/slf4j/jul-to-slf4j/1.7.36/jul-to-slf4j-1.7.36.jar:/Users/r639037/.m2/repository/org/yaml/snakeyaml/1.30/snakeyaml-1.30.jar:/Users/r639037/.m2/repository/org/springframework/boot/spring-boot-starter-json/3.0.0-SNAPSHOT/spring-boot-starter-json-3.0.0-SNAPSHOT.jar:/Users/r639037/.m2/repository/com/fasterxml/jackson/core/jackson-databind/2.13.3/jackson-databind-2.13.3.jar:/Users/r639037/.m2/repository/com/fasterxml/jackson/core/jackson-annotations/2.13.3/jackson-annotations-2.13.3.jar:/Users/r639037/.m2/repository/com/fasterxml/jackson/core/jackson-core/2.13.3/jackson-core-2.13.3.jar:/Users/r639037/.m2/repository/com/fasterxml/jackson/datatype/jackson-datatype-jdk8/2.13.3/jackson-datatype-jdk8-2.13.3.jar:/Users/r639037/.m2/repository/com/fasterxml/jackson/datatype/jackson-datatype-jsr310/2.13.3/jackson-datatype-jsr310-2.13.3.jar:/Users/r639037/.m2/repository/com/fasterxml/jackson/module/jackson-module-parameter-names/2.13.3/jackson-module-parameter-names-2.13.3.jar:/Users/r639037/.m2/repository/org/springframework/spring-web/6.0.0-SNAPSHOT/spring-web-6.0.0-SNAPSHOT.jar:/Users/r639037/.m2/repository/org/springframework/spring-beans/6.0.0-SNAPSHOT/spring-beans-6.0.0-SNAPSHOT.jar:/Users/r639037/.m2/repository/org/springframework/spring-webmvc/6.0.0-SNAPSHOT/spring-webmvc-6.0.0-SNAPSHOT.jar:/Users/r639037/.m2/repository/org/springframework/spring-aop/6.0.0-SNAPSHOT/spring-aop-6.0.0-SNAPSHOT.jar:/Users/r639037/.m2/repository/org/springframework/spring-context/6.0.0-SNAPSHOT/spring-context-6.0.0-SNAPSHOT.jar:/Users/r639037/.m2/repository/org/springframework/spring-expression/6.0.0-SNAPSHOT/spring-expression-6.0.0-SNAPSHOT.jar:/Users/r639037/.m2/repository/org/springframework/boot/spring-boot-starter-tomcat/3.0.0-SNAPSHOT/spring-boot-starter-tomcat-3.0.0-SNAPSHOT.jar:/Users/r639037/.m2/repository/jakarta/annotation/jakarta.annotation-api/2.0.0/jakarta.annotation-api-2.0.0.jar:/Users/r639037/.m2/repository/org/apache/tomcat/embed/tomcat-embed-core/10.0.21/tomcat-embed-core-10.0.21.jar:/Users/r639037/.m2/repository/org/apache/tomcat/embed/tomcat-embed-el/10.0.21/tomcat-embed-el-10.0.21.jar:/Users/r639037/.m2/repository/org/apache/tomcat/embed/tomcat-embed-websocket/10.0.21/tomcat-embed-websocket-10.0.21.jar:/Users/r639037/.m2/repository/org/springframework/boot/spring-boot-devtools/3.0.0-SNAPSHOT/spring-boot-devtools-3.0.0-SNAPSHOT.jar:/Users/r639037/.m2/repository/org/springframework/boot/spring-boot/3.0.0-SNAPSHOT/spring-boot-3.0.0-SNAPSHOT.jar:/Users/r639037/.m2/repository/org/springframework/boot/spring-boot-autoconfigure/3.0.0-SNAPSHOT/spring-boot-autoconfigure-3.0.0-SNAPSHOT.jar:/Users/r639037/.m2/repository/org/springframework/boot/spring-boot-starter-test/3.0.0-SNAPSHOT/spring-boot-starter-test-3.0.0-SNAPSHOT.jar:/Users/r639037/.m2/repository/org/springframework/boot/spring-boot-test/3.0.0-SNAPSHOT/spring-boot-test-3.0.0-SNAPSHOT.jar:/Users/r639037/.m2/repository/org/springframework/boot/spring-boot-test-autoconfigure/3.0.0-SNAPSHOT/spring-boot-test-autoconfigure-3.0.0-SNAPSHOT.jar:/Users/r639037/.m2/repository/com/jayway/jsonpath/json-path/2.7.0/json-path-2.7.0.jar:/Users/r639037/.m2/repository/net/minidev/json-smart/2.4.8/json-smart-2.4.8.jar:/Users/r639037/.m2/repository/net/minidev/accessors-smart/2.4.8/accessors-smart-2.4.8.jar:/Users/r639037/.m2/repository/org/ow2/asm/asm/9.1/asm-9.1.jar:/Users/r639037/.m2/repository/org/slf4j/slf4j-api/1.7.36/slf4j-api-1.7.36.jar:/Users/r639037/.m2/repository/jakarta/xml/bind/jakarta.xml.bind-api/3.0.1/jakarta.xml.bind-api-3.0.1.jar:/Users/r639037/.m2/repository/com/sun/activation/jakarta.activation/2.0.1/jakarta.activation-2.0.1.jar:/Users/r639037/.m2/repository/org/assertj/assertj-core/3.23.1/assertj-core-3.23.1.jar:/Users/r639037/.m2/repository/net/bytebuddy/byte-buddy/1.12.10/byte-buddy-1.12.10.jar:/Users/r639037/.m2/repository/org/hamcrest/hamcrest/2.2/hamcrest-2.2.jar:/Users/r639037/.m2/repository/org/junit/jupiter/junit-jupiter/5.8.2/junit-jupiter-5.8.2.jar:/Users/r639037/.m2/repository/org/junit/jupiter/junit-jupiter-api/5.8.2/junit-jupiter-api-5.8.2.jar:/Users/r639037/.m2/repository/org/opentest4j/opentest4j/1.2.0/opentest4j-1.2.0.jar:/Users/r639037/.m2/repository/org/junit/platform/junit-platform-commons/1.8.2/junit-platform-commons-1.8.2.jar:/Users/r639037/.m2/repository/org/apiguardian/apiguardian-api/1.1.2/apiguardian-api-1.1.2.jar:/Users/r639037/.m2/repository/org/junit/jupiter/junit-jupiter-params/5.8.2/junit-jupiter-params-5.8.2.jar:/Users/r639037/.m2/repository/org/junit/jupiter/junit-jupiter-engine/5.8.2/junit-jupiter-engine-5.8.2.jar:/Users/r639037/.m2/repository/org/junit/platform/junit-platform-engine/1.8.2/junit-platform-engine-1.8.2.jar:/Users/r639037/.m2/repository/org/mockito/mockito-core/4.6.1/mockito-core-4.6.1.jar:/Users/r639037/.m2/repository/net/bytebuddy/byte-buddy-agent/1.12.10/byte-buddy-agent-1.12.10.jar:/Users/r639037/.m2/repository/org/objenesis/objenesis/3.2/objenesis-3.2.jar:/Users/r639037/.m2/repository/org/mockito/mockito-junit-jupiter/4.6.1/mockito-junit-jupiter-4.6.1.jar:/Users/r639037/.m2/repository/org/skyscreamer/jsonassert/1.5.0/jsonassert-1.5.0.jar:/Users/r639037/.m2/repository/com/vaadin/external/google/android-json/0.0.20131108.vaadin1/android-json-0.0.20131108.vaadin1.jar:/Users/r639037/.m2/repository/org/springframework/spring-core/6.0.0-SNAPSHOT/spring-core-6.0.0-SNAPSHOT.jar:/Users/r639037/.m2/repository/org/springframework/spring-jcl/6.0.0-SNAPSHOT/spring-jcl-6.0.0-SNAPSHOT.jar:/Users/r639037/.m2/repository/org/springframework/spring-test/6.0.0-SNAPSHOT/spring-test-6.0.0-SNAPSHOT.jar:/Users/r639037/.m2/repository/org/xmlunit/xmlunit-core/2.9.0/xmlunit-core-2.9.0.jar:"/>
    <property name="sun.cpu.endian" value="little"/>
    <property name="user.home" value="/Users/r639037"/>
    <property name="user.language" value="en"/>
    <property name="java.specification.vendor" value="Oracle Corporation"/>
    <property name="java.version.date" value="2022-04-19"/>
    <property name="java.home" value="/usr/local/Cellar/openjdk/18.0.1/libexec/openjdk.jdk/Contents/Home"/>
    <property name="file.separator" value="/"/>
    <property name="basedir" value="/Users/r639037/Desktop/gitLab/hessamtest"/>
    <property name="java.vm.compressedOopsMode" value="Zero based"/>
    <property name="line.separator" value="&#10;"/>
    <property name="java.vm.specification.vendor" value="Oracle Corporation"/>
    <property name="java.specification.name" value="Java Platform API Specification"/>
    <property name="apple.awt.application.name" value="ForkedBooter"/>
    <property name="surefire.real.class.path" value="/Users/r639037/Desktop/gitLab/hessamtest/target/surefire/surefirebooter15570567698555612142.jar"/>
    <property name="sun.management.compiler" value="HotSpot 64-Bit Tiered Compilers"/>
    <property name="ftp.nonProxyHosts" value="127.0.0.1|local|*.local|localhost|*.localhost|127.0.0.1"/>
    <property name="java.runtime.version" value="18.0.1+0"/>
    <property name="user.name" value="r639037"/>
    <property name="path.separator" value=":"/>
    <property name="os.version" value="11.6.7"/>
    <property name="java.runtime.name" value="OpenJDK Runtime Environment"/>
    <property name="file.encoding" value="UTF-8"/>
    <property name="java.vm.name" value="OpenJDK 64-Bit Server VM"/>
    <property name="java.vendor.version" value="Homebrew"/>
    <property name="localRepository" value="/Users/r639037/.m2/repository"/>
    <property name="java.vendor.url.bug" value="https://github.com/Homebrew/homebrew-core/issues"/>
    <property name="java.io.tmpdir" value="/var/folders/r6/3wj2t00d4px0k1lx0qjxlfr10rgk4b/T/"/>
    <property name="java.version" value="18.0.1"/>
    <property name="user.dir" value="/Users/r639037/Desktop/gitLab/hessamtest"/>
    <property name="os.arch" value="x86_64"/>
    <property name="java.vm.specification.name" value="Java Virtual Machine Specification"/>
    <property name="native.encoding" value="UTF-8"/>
    <property name="java.library.path" value="/Users/r639037/Library/Java/Extensions:/Library/Java/Extensions:/Network/Library/Java/Extensions:/System/Library/Java/Extensions:/usr/lib/java:."/>
    <property name="java.vm.info" value="mixed mode, sharing"/>
    <property name="java.vendor" value="Homebrew"/>
    <property name="java.vm.version" value="18.0.1+0"/>
    <property name="sun.io.unicode.encoding" value="UnicodeBig"/>
    <property name="socksNonProxyHosts" value="127.0.0.1|local|*.local|localhost|*.localhost|127.0.0.1"/>
    <property name="java.class.version" value="62.0"/>
  </properties>
  <testcase name="contextLoads" classname="CICD.demo.CicDtestApplicationTests" time="0.274"/>
</testsuite>